perl: warning: Setting locale failed.
perl: warning: Please check that your locale settings:
	LANGUAGE = (unset),
	LC_ALL = (unset),
	LANG = "en_US.UTF-8"
    are supported and installed on your system.
perl: warning: Falling back to the standard locale ("C").
xpé¢æ¿å·²å¯åŠ¨
[32må°çš®é¢æ¿å¯åŠ¨ä¸­[0m
================================================================
 [32må°çš®é¢æ¿å®‰è£…æˆåŠŸ[0m
=========================é¢æ¿çŠ¶æ€===============================
 [32mé¢æ¿çŠ¶æ€ï¼šè¿è¡Œä¸­[0m
 [32mé˜Ÿåˆ—çŠ¶æ€ï¼šè¿è¡Œä¸­[0m
=========================é¢æ¿è´¦æˆ·ä¿¡æ¯===========================

 é¢æ¿ç‰ˆæœ¬: v1.2.1
 å¤–ç½‘é¢æ¿åœ°å€: http://58.247.22.36:18101/2ae901
 å†…ç½‘é¢æ¿åœ°å€: http://10.255.255.254:18101/2ae901
 username: bcd2cb91
 password: ad6fa6b1

=========================é¢æ¿æ³¨æ„äº‹é¡¹===========================

 ã€äº‘æœåŠ¡å™¨ã€‘è¯·åœ¨å®‰å…¨ç»„æ”¾è¡Œ 18101 ç«¯å£
 é¢æ¿å·¥å…·å‘½ä»¤ï¼š xp

================================================================
å®‰è£…èŠ±è´¹æ—¶é—´:[32m 245 [0mç§’
å®‰è£…æ—¥å¿—è·¯å¾„:[32m /home/hcr/engrP2/Shared-Bike-Detection/xp-install.log [0m
